15:18:07.045 [main] INFO  testCases.BaseClass - Enter Student TravelInsurance Plan Details
15:18:43.787 [main] INFO  testCases.BaseClass - Enter Car Insurance Plans Details
15:19:16.433 [main] INFO  testCases.BaseClass - Error message Printed
15:19:18.247 [main] INFO  testCases.BaseClass - Getting the list of Insurance Product Plans 
15:19:18.588 [main] INFO  testCases.BaseClass - Getting the list of Insurance Product Plans 
15:22:30.925 [main] INFO  testCases.TestCase_001_StudentInsuranceNavigation - starting TestCase_001_StudentInsurance
15:22:30.996 [main] INFO  testCases.TestCase_001_StudentInsuranceNavigation - Enter Student TravelInsurance Plan Details
15:23:08.804 [main] INFO  testCases.TestCase_001_StudentInsuranceNavigation - Enter Car Insurance Plans Details
15:23:42.053 [main] INFO  testCases.TestCase_001_StudentInsuranceNavigation - Error message Printed
15:23:44.521 [main] INFO  testCases.TestCase_001_StudentInsuranceNavigation - Getting the list of Insurance Product Plans 
15:23:44.996 [main] INFO  testCases.TestCase_001_StudentInsuranceNavigation - Getting the list of Insurance Product Plans 
16:42:46.169 [main] INFO  testCases.TestCase_001_StudentInsuranceNavigation - starting TestCase_001_StudentInsurance
16:42:46.215 [main] INFO  testCases.TestCase_001_StudentInsuranceNavigation - Enter Student TravelInsurance Plan Details
16:43:50.905 [main] INFO  testCases.TestCase_001_StudentInsuranceNavigation - starting TestCase_001_StudentInsurance
16:43:50.971 [main] INFO  testCases.TestCase_001_StudentInsuranceNavigation - Enter Student TravelInsurance Plan Details
16:44:27.048 [main] INFO  testCases.TestCase_001_StudentInsuranceNavigation - Enter Car Insurance Plans Details
16:44:59.180 [main] INFO  testCases.TestCase_001_StudentInsuranceNavigation - Error message Printed
16:45:01.157 [main] INFO  testCases.TestCase_001_StudentInsuranceNavigation - Getting the list of Insurance Product Plans 
16:45:01.629 [main] INFO  testCases.TestCase_001_StudentInsuranceNavigation - Getting the list of Insurance Product Plans 
11:04:37.873 [main] INFO  testCases.TestCase_001_StudentInsuranceNavigation - starting TestCase_001_StudentInsurance
11:04:38.075 [main] INFO  testCases.TestCase_001_StudentInsuranceNavigation - Enter Student TravelInsurance Plan Details
11:05:16.373 [main] INFO  testCases.TestCase_001_StudentInsuranceNavigation - Enter Car Insurance Plans Details
11:05:54.026 [main] INFO  testCases.TestCase_001_StudentInsuranceNavigation - Error message Printed
11:05:56.367 [main] INFO  testCases.TestCase_001_StudentInsuranceNavigation - Getting the list of Insurance Product Plans 
11:05:57.064 [main] INFO  testCases.TestCase_001_StudentInsuranceNavigation - Getting the list of Insurance Product Plans 
11:39:31.541 [main] INFO  testCases.TestCase_001_StudentInsuranceNavigation - starting TestCase_001_StudentInsurance
11:39:31.650 [main] INFO  testCases.TestCase_001_StudentInsuranceNavigation - Enter Student TravelInsurance Plan Details
11:40:11.534 [main] INFO  testCases.TestCase_001_StudentInsuranceNavigation - Enter Car Insurance Plans Details
11:40:48.145 [main] INFO  testCases.TestCase_001_StudentInsuranceNavigation - Error message Printed
11:40:50.789 [main] INFO  testCases.TestCase_001_StudentInsuranceNavigation - Getting the list of Insurance Product Plans 
11:40:51.437 [main] INFO  testCases.TestCase_001_StudentInsuranceNavigation - Getting the list of Insurance Product Plans 
18:45:57.698 [main] INFO  testCases.BaseClass - starting TestCase_001_StudentInsurance
18:45:57.932 [main] INFO  testCases.BaseClass - Enter Student TravelInsurance Plan Details
18:47:08.797 [main] INFO  testCases.BaseClass - starting TestCase_001_StudentInsurance
18:47:08.893 [main] INFO  testCases.BaseClass - Enter Student TravelInsurance Plan Details
18:47:59.686 [main] INFO  testCases.BaseClass - Enter Car Insurance Plans Details
18:48:38.299 [main] INFO  testCases.BaseClass - Error message Printed
18:48:39.980 [main] INFO  testCases.BaseClass - Getting the list of Insurance Product Plans 
18:48:40.744 [main] INFO  testCases.BaseClass - Getting the list of Insurance Product Plans 
14:27:59.637 [main] INFO  testCases.BaseClass - starting TestCase_001_StudentInsurance
14:27:59.913 [main] INFO  testCases.BaseClass - Enter Student TravelInsurance Plan Details
14:28:55.183 [main] INFO  testCases.BaseClass - Enter Car Insurance Plans Details
14:29:30.859 [main] INFO  testCases.BaseClass - Error message Printed
14:29:32.287 [main] INFO  testCases.BaseClass - Getting the list of Insurance Product Plans 
14:29:33.438 [main] INFO  testCases.BaseClass - Getting the list of Insurance Product Plans 
16:23:56.666 [main] INFO  testCases.TestCase_001_StudentInsuranceNavigation - starting TestCase_001_StudentInsurance
16:23:56.735 [main] INFO  testCases.TestCase_001_StudentInsuranceNavigation - Enter Student TravelInsurance Plan Details
16:24:32.863 [main] INFO  testCases.TestCase_001_StudentInsuranceNavigation - Enter Car Insurance Plans Details
